  Cliente.cpp
  ClienteArchivo.cpp
  ClienteManager.cpp
C:\Users\QQmelo\Desktop\Proyectos\Gestor de Ventas\Gestor de Ventas\rlutil.h(577,19): warning C4267: 'inicializando': conversión de 'size_t' a 'unsigned int'; posible pérdida de datos
C:\Users\QQmelo\Desktop\Proyectos\Gestor de Ventas\Gestor de Ventas\ClienteManager.cpp(191,10): warning C4101: 'opc': variable local sin referencia
C:\Users\QQmelo\Desktop\Proyectos\Gestor de Ventas\Gestor de Ventas\ClienteManager.cpp(403,29): warning C4244: 'argumento': conversión de '__int64' a 'long'; posible pérdida de datos
C:\Users\QQmelo\Desktop\Proyectos\Gestor de Ventas\Gestor de Ventas\ClienteManager.cpp(515,29): warning C4244: 'argumento': conversión de '__int64' a 'long'; posible pérdida de datos
C:\Users\QQmelo\Desktop\Proyectos\Gestor de Ventas\Gestor de Ventas\ClienteManager.cpp(558,29): warning C4244: 'argumento': conversión de '__int64' a 'long'; posible pérdida de datos
  Configuracion.cpp
C:\Users\QQmelo\Desktop\Proyectos\Gestor de Ventas\Gestor de Ventas\rlutil.h(577,19): warning C4267: 'inicializando': conversión de 'size_t' a 'unsigned int'; posible pérdida de datos
  Direccion.cpp
  Fecha.cpp
  FuncionesGenerales.cpp
C:\Users\QQmelo\Desktop\Proyectos\Gestor de Ventas\Gestor de Ventas\FuncionesGenerales.cpp(172,18): warning C4267: 'inicializando': conversión de 'size_t' a 'int'; posible pérdida de datos
  Informes.cpp
C:\Users\QQmelo\Desktop\Proyectos\Gestor de Ventas\Gestor de Ventas\rlutil.h(577,19): warning C4267: 'inicializando': conversión de 'size_t' a 'unsigned int'; posible pérdida de datos
  main.cpp
  Persona.cpp
  PersonaManager.cpp
  Sistema.cpp
C:\Users\QQmelo\Desktop\Proyectos\Gestor de Ventas\Gestor de Ventas\rlutil.h(577,19): warning C4267: 'inicializando': conversión de 'size_t' a 'unsigned int'; posible pérdida de datos
  Sucursal.cpp
  SucursalArchivo.cpp
  SucursalManager.cpp
C:\Users\QQmelo\Desktop\Proyectos\Gestor de Ventas\Gestor de Ventas\rlutil.h(577,19): warning C4267: 'inicializando': conversión de 'size_t' a 'unsigned int'; posible pérdida de datos
  Vehiculo.cpp
  VehiculosArchivo.cpp
  VehiculosManager.cpp
C:\Users\QQmelo\Desktop\Proyectos\Gestor de Ventas\Gestor de Ventas\rlutil.h(577,19): warning C4267: 'inicializando': conversión de 'size_t' a 'unsigned int'; posible pérdida de datos
C:\Users\QQmelo\Desktop\Proyectos\Gestor de Ventas\Gestor de Ventas\VehiculosManager.cpp(216,24): warning C4244: '=': conversión de 'int' a 'float'; posible pérdida de datos
C:\Users\QQmelo\Desktop\Proyectos\Gestor de Ventas\Gestor de Ventas\VehiculosManager.cpp(711,45): warning C4244: '=': conversión de 'int' a 'float'; posible pérdida de datos
C:\Users\QQmelo\Desktop\Proyectos\Gestor de Ventas\Gestor de Ventas\VehiculosManager.cpp(732,45): warning C4244: '=': conversión de 'int' a 'float'; posible pérdida de datos
  Vendedor.cpp
  VendedorArchivo.cpp
  Generando código...
  Compilando...
  VendedorManager.cpp
C:\Users\QQmelo\Desktop\Proyectos\Gestor de Ventas\Gestor de Ventas\rlutil.h(577,19): warning C4267: 'inicializando': conversión de 'size_t' a 'unsigned int'; posible pérdida de datos
  Venta.cpp
  VentasArchivo.cpp
  VentasManager.cpp
C:\Users\QQmelo\Desktop\Proyectos\Gestor de Ventas\Gestor de Ventas\rlutil.h(577,19): warning C4267: 'inicializando': conversión de 'size_t' a 'unsigned int'; posible pérdida de datos
C:\Users\QQmelo\Desktop\Proyectos\Gestor de Ventas\Gestor de Ventas\VentasManager.cpp(677,38): warning C4244: 'argumento': conversión de '__int64' a 'long'; posible pérdida de datos
C:\Users\QQmelo\Desktop\Proyectos\Gestor de Ventas\Gestor de Ventas\VentasManager.cpp(715,32): warning C4244: 'argumento': conversión de '__int64' a 'long'; posible pérdida de datos
C:\Users\QQmelo\Desktop\Proyectos\Gestor de Ventas\Gestor de Ventas\VentasManager.cpp(901,18): warning C4267: 'inicializando': conversión de 'size_t' a 'int'; posible pérdida de datos
  Generando código...
C:\Users\QQmelo\Desktop\Proyectos\Gestor de Ventas\Gestor de Ventas\VentasManager.cpp(842,1): warning C4715: 'VentasManager::validarVehiculo': no todas las rutas de acceso de control devuelven un valor
  Gestor de Ventas.vcxproj -> C:\Users\QQmelo\Desktop\Proyectos\Gestor de Ventas\x64\Debug\Gestor de Ventas.exe
